<?xml version="1.0" encoding="UTF-8"?>
<testng-results skipped="0" failed="0" total="2" passed="2">
  <reporter-output>
  </reporter-output>
  <suite name="DeltaSuite" duration-ms="16710" started-at="2016-09-04T11:54:58Z" finished-at="2016-09-04T11:55:15Z">
    <groups>
    </groups>
    <test name="ChromeTest" duration-ms="13150" started-at="2016-09-04T11:54:58Z" finished-at="2016-09-04T11:55:11Z">
      <class name="delta.main.DeltaDriver">
        <test-method status="PASS" signature="initFrameWork()[pri:0, instance:delta.main.DeltaDriver@327471b5]" name="initFrameWork" is-config="true" duration-ms="355" started-at="2016-09-04T17:24:58Z" finished-at="2016-09-04T17:24:58Z">
          <reporter-output>
          </reporter-output>
        </test-method> <!-- initFrameWork -->
        <test-method status="PASS" signature="launchApp(org.testng.xml.XmlTest)[pri:0, instance:delta.main.DeltaDriver@327471b5]" name="launchApp" is-config="true" duration-ms="9948" started-at="2016-09-04T17:24:59Z" finished-at="2016-09-04T17:25:09Z">
          <params>
            <param index="0">
              <value>
                <![CDATA[[Test: "ChromeTest" verbose:1[parameters:browser=>chrome][metagroups:] [included: ][excluded: ]  classes:[XmlClass class=delta.main.DeltaDriver]  packages:] ]]>
              </value>
            </param>
          </params>
          <reporter-output>
          </reporter-output>
        </test-method> <!-- launchApp -->
        <test-method status="PASS" signature="testScenarios(java.lang.String, java.lang.String)[pri:0, instance:delta.main.DeltaDriver@327471b5]" name="testScenarios" duration-ms="1375" started-at="2016-09-04T17:25:09Z" data-provider="getScenarios" finished-at="2016-09-04T17:25:10Z">
          <params>
            <param index="0">
              <value>
                <![CDATA[Scenario1]]>
              </value>
            </param>
            <param index="1">
              <value>
                <![CDATA[Yes]]>
              </value>
            </param>
          </params>
          <reporter-output>
          </reporter-output>
        </test-method> <!-- testScenarios -->
        <test-method status="PASS" signature="quitApp(org.testng.ITestResult)[pri:0, instance:delta.main.DeltaDriver@327471b5]" name="quitApp" is-config="true" duration-ms="77" started-at="2016-09-04T17:25:10Z" finished-at="2016-09-04T17:25:10Z">
          <params>
            <param index="0">
              <value>
                <![CDATA[[TestResult name=testScenarios status=SUCCESS method=DeltaDriver.testScenarios(java.lang.String, java.lang.String)[pri:0, instance:delta.main.DeltaDriver@327471b5] output={null}]]]>
              </value>
            </param>
          </params>
          <reporter-output>
          </reporter-output>
        </test-method> <!-- quitApp -->
        <test-method status="PASS" signature="endFrameWork()[pri:0, instance:delta.main.DeltaDriver@327471b5]" name="endFrameWork" is-config="true" duration-ms="510" started-at="2016-09-04T17:25:10Z" finished-at="2016-09-04T17:25:11Z">
          <reporter-output>
          </reporter-output>
        </test-method> <!-- endFrameWork -->
      </class> <!-- delta.main.DeltaDriver -->
    </test> <!-- ChromeTest -->
    <test name="FirefoxTest" duration-ms="16710" started-at="2016-09-04T11:54:58Z" finished-at="2016-09-04T11:55:15Z">
      <class name="delta.main.DeltaDriver">
        <test-method status="PASS" signature="initFrameWork()[pri:0, instance:delta.main.DeltaDriver@26f67b76]" name="initFrameWork" is-config="true" duration-ms="354" started-at="2016-09-04T17:24:58Z" finished-at="2016-09-04T17:24:58Z">
          <reporter-output>
          </reporter-output>
        </test-method> <!-- initFrameWork -->
        <test-method status="PASS" signature="launchApp(org.testng.xml.XmlTest)[pri:0, instance:delta.main.DeltaDriver@26f67b76]" name="launchApp" is-config="true" duration-ms="14265" started-at="2016-09-04T17:24:59Z" finished-at="2016-09-04T17:25:13Z">
          <params>
            <param index="0">
              <value>
                <![CDATA[[Test: "FirefoxTest" verbose:1[parameters:browser=>firefox][metagroups:] [included: ][excluded: ]  classes:[XmlClass class=delta.main.DeltaDriver]  packages:] ]]>
              </value>
            </param>
          </params>
          <reporter-output>
          </reporter-output>
        </test-method> <!-- launchApp -->
        <test-method status="PASS" signature="testScenarios(java.lang.String, java.lang.String)[pri:0, instance:delta.main.DeltaDriver@26f67b76]" name="testScenarios" duration-ms="1060" started-at="2016-09-04T17:25:13Z" data-provider="getScenarios" finished-at="2016-09-04T17:25:14Z">
          <params>
            <param index="0">
              <value>
                <![CDATA[Scenario1]]>
              </value>
            </param>
            <param index="1">
              <value>
                <![CDATA[Yes]]>
              </value>
            </param>
          </params>
          <reporter-output>
          </reporter-output>
        </test-method> <!-- testScenarios -->
        <test-method status="PASS" signature="quitApp(org.testng.ITestResult)[pri:0, instance:delta.main.DeltaDriver@26f67b76]" name="quitApp" is-config="true" duration-ms="27" started-at="2016-09-04T17:25:14Z" finished-at="2016-09-04T17:25:14Z">
          <params>
            <param index="0">
              <value>
                <![CDATA[[TestResult name=testScenarios status=SUCCESS method=DeltaDriver.testScenarios(java.lang.String, java.lang.String)[pri:0, instance:delta.main.DeltaDriver@26f67b76] output={null}]]]>
              </value>
            </param>
          </params>
          <reporter-output>
          </reporter-output>
        </test-method> <!-- quitApp -->
        <test-method status="PASS" signature="endFrameWork()[pri:0, instance:delta.main.DeltaDriver@26f67b76]" name="endFrameWork" is-config="true" duration-ms="115" started-at="2016-09-04T17:25:14Z" finished-at="2016-09-04T17:25:15Z">
          <reporter-output>
          </reporter-output>
        </test-method> <!-- endFrameWork -->
      </class> <!-- delta.main.DeltaDriver -->
    </test> <!-- FirefoxTest -->
  </suite> <!-- DeltaSuite -->
</testng-results>
